\BOOKMARK [0][-]{chapter.1}{\376\377\000\332\000v\000o\000d}{}% 1
\BOOKMARK [1][-]{section.1.1}{\376\377\000Z\000a\000d\000\341\000n\000\355}{chapter.1}% 2
\BOOKMARK [-1][-]{part.1}{\376\377\000I\000\040\000U\001\176\000i\000v\000a\000t\000e\000l\000s\000k\000\341\000\040\001\015\000\341\000s\000t}{}% 3
\BOOKMARK [0][-]{chapter.2}{\376\377\000S\000e\000r\000v\000e\000r}{part.1}% 4
\BOOKMARK [0][-]{chapter.3}{\376\377\000a\000p\000l\000i\000k\000a\000c\000e}{part.1}% 5
\BOOKMARK [-1][-]{part.2}{\376\377\000I\000I\000\040\000P\000r\000o\000g\000r\000a\000m\000\341\000t\000o\000r\000s\000k\000\341\000\040\001\015\000\341\000s\000t}{}% 6
\BOOKMARK [0][-]{chapter.4}{\376\377\000S\000e\000r\000v\000e\000r}{part.2}% 7
\BOOKMARK [1][-]{section.4.1}{\376\377\000O\000b\000j\000e\000k\000t\000o\000v\000\375\000\040\000n\000\341\000v\000r\000h}{chapter.4}% 8
\BOOKMARK [1][-]{section.4.2}{\376\377\000A\000p\000p}{chapter.4}% 9
\BOOKMARK [1][-]{section.4.3}{\376\377\000O\000b\000j\000e\000k\000t\000\040\000S\000e\000r\000v\000e\000r}{chapter.4}% 10
\BOOKMARK [1][-]{section.4.4}{\376\377\000C\000l\000o\000c\000k\000s}{chapter.4}% 11
\BOOKMARK [1][-]{section.4.5}{\376\377\000C\000o\000n\000s\000o\000l\000e\000L\000i\000s\000t\000e\000n\000e\000r}{chapter.4}% 12
\BOOKMARK [1][-]{section.4.6}{\376\377\000M\000a\000t\000c\000h\000M\000a\000k\000i\000n\000g}{chapter.4}% 13
\BOOKMARK [1][-]{section.4.7}{\376\377\000C\000l\000i\000e\000n\000t}{chapter.4}% 14
\BOOKMARK [1][-]{section.4.8}{\376\377\000G\000a\000m\000e}{chapter.4}% 15
\BOOKMARK [1][-]{section.4.9}{\376\377\000T\000i\000m\000e}{chapter.4}% 16
\BOOKMARK [1][-]{section.4.10}{\376\377\000D\000a\000i\000l\000y\000L\000o\000o\000p}{chapter.4}% 17
\BOOKMARK [1][-]{section.4.11}{\376\377\000L\000o\000o\000p}{chapter.4}% 18
\BOOKMARK [1][-]{section.4.12}{\376\377\000C\000a\000l\000e\000n\000d\000a\000r}{chapter.4}% 19
\BOOKMARK [1][-]{section.4.13}{\376\377\000E\000v\000e\000n\000t}{chapter.4}% 20
\BOOKMARK [2][-]{subsection.4.13.1}{\376\377\000E\000v\000e\000n\000t\000P\000a\000r\000t\000O\000f\000D\000a\000y}{section.4.13}% 21
\BOOKMARK [2][-]{subsection.4.13.2}{\376\377\000E\000v\000e\000n\000t\000I\000t\000e\000m\000C\000h\000a\000n\000g\000e}{section.4.13}% 22
\BOOKMARK [2][-]{subsection.4.13.3}{\376\377\000E\000v\000e\000n\000t\000M\000o\000v\000e\000C\000l\000o\000u\000d\000s}{section.4.13}% 23
\BOOKMARK [2][-]{subsection.4.13.4}{\376\377\000E\000v\000e\000n\000t\000C\000h\000a\000n\000g\000e\000W\000e\000a\000t\000h\000e\000r}{section.4.13}% 24
\BOOKMARK [2][-]{subsection.4.13.5}{\376\377\000E\000v\000e\000n\000t\000B\000e\000h\000a\000v\000i\000o\000u\000r}{section.4.13}% 25
\BOOKMARK [1][-]{section.4.14}{\376\377\000M\000a\000p\000s}{chapter.4}% 26
\BOOKMARK [1][-]{section.4.15}{\376\377\000M\000a\000p}{chapter.4}% 27
\BOOKMARK [1][-]{section.4.16}{\376\377\000S\000k\000y}{chapter.4}% 28
\BOOKMARK [1][-]{section.4.17}{\376\377\000W\000e\000a\000t\000h\000e\000r}{chapter.4}% 29
\BOOKMARK [1][-]{section.4.18}{\376\377\000M\000a\000p\000G\000e\000n\000e\000r\000a\000t\000o\000r}{chapter.4}% 30
\BOOKMARK [1][-]{section.4.19}{\376\377\000B\000a\000s\000i\000c\000M\000a\000p\000G\000e\000n\000e\000r\000a\000t\000o\000r}{chapter.4}% 31
\BOOKMARK [1][-]{section.4.20}{\376\377\000P\000l\000a\000c\000e}{chapter.4}% 32
\BOOKMARK [2][-]{subsection.4.20.1}{\376\377\000t\000e\000m\000p\000e\000r\000a\000t\000u\000r\000e}{section.4.20}% 33
\BOOKMARK [2][-]{subsection.4.20.2}{\376\377\000V\000i\000s\000i\000b\000i\000l\000i\000t\000y}{section.4.20}% 34
\BOOKMARK [1][-]{section.4.21}{\376\377\000T\000y\000p\000e\000O\000f\000P\000l\000a\000c\000e}{chapter.4}% 35
\BOOKMARK [1][-]{section.4.22}{\376\377\000R\000e\000s\000o\000u\000r\000c\000e}{chapter.4}% 36
\BOOKMARK [2][-]{subsection.4.22.1}{\376\377\000s\000p\000e\000e\000d\000O\000f\000F\000i\000n\000d\000i\000n\000g}{section.4.22}% 37
\BOOKMARK [2][-]{subsection.4.22.2}{\376\377\000S\000k\000u\000p\000i\000n\000y}{section.4.22}% 38
\BOOKMARK [1][-]{section.4.23}{\376\377\000T\000y\000p\000e\000O\000f\000R\000e\000s\000o\000u\000r\000c\000e}{chapter.4}% 39
\BOOKMARK [1][-]{section.4.24}{\376\377\000P\000l\000a\000c\000e\000E\000f\000f\000e\000c\000t}{chapter.4}% 40
\BOOKMARK [1][-]{section.4.25}{\376\377\000C\000r\000e\000t\000u\000r\000e}{chapter.4}% 41
\BOOKMARK [1][-]{section.4.26}{\376\377\000P\000l\000a\000y\000e\000r}{chapter.4}% 42
\BOOKMARK [1][-]{section.4.27}{\376\377\000C\000o\000n\000d\000i\000t\000i\000o\000n}{chapter.4}% 43
\BOOKMARK [2][-]{subsection.4.27.1}{\376\377\000A\000c\000t\000u\000a\000l\000C\000o\000n\000d\000i\000t\000i\000o\000n}{section.4.27}% 44
\BOOKMARK [2][-]{subsection.4.27.2}{\376\377\000A\000b\000i\000l\000i\000t\000y\000C\000o\000n\000d\000i\000t\000i\000o\000n}{section.4.27}% 45
\BOOKMARK [1][-]{section.4.28}{\376\377\000I\000t\000e\000m}{chapter.4}% 46
\BOOKMARK [2][-]{subsection.4.28.1}{\376\377\000F\000o\000o\000d}{section.4.28}% 47
\BOOKMARK [2][-]{subsection.4.28.2}{\376\377\000C\000l\000o\000t\000h\000e\000s}{section.4.28}% 48
\BOOKMARK [2][-]{subsection.4.28.3}{\376\377\000T\000o\000o\000l}{section.4.28}% 49
\BOOKMARK [2][-]{subsection.4.28.4}{\376\377\000Q\000u\000e\000s\000t\000I\000t\000e\000m}{section.4.28}% 50
\BOOKMARK [1][-]{section.4.29}{\376\377\000T\000y\000p\000e\000I\000t\000e\000m}{chapter.4}% 51
\BOOKMARK [2][-]{subsection.4.29.1}{\376\377\000F\000o\000o\000d\000T\000y\000p\000e\000I\000t\000e\000m}{section.4.29}% 52
\BOOKMARK [2][-]{subsection.4.29.2}{\376\377\000C\000l\000o\000t\000h\000e\000s\000T\000y\000p\000e\000I\000t\000e\000m}{section.4.29}% 53
\BOOKMARK [2][-]{subsection.4.29.3}{\376\377\000T\000o\000o\000l\000T\000y\000p\000e\000I\000t\000e\000m}{section.4.29}% 54
\BOOKMARK [1][-]{section.4.30}{\376\377\000I\000n\000v\000e\000n\000t\000o\000r\000y}{chapter.4}% 55
\BOOKMARK [1][-]{section.4.31}{\376\377\000B\000e\000h\000a\000v\000i\000o\000u\000r}{chapter.4}% 56
\BOOKMARK [2][-]{subsection.4.31.1}{\376\377\000F\000i\000n\000d\000C\000o\000n\000c\000r\000e\000t\000e\000R\000e\000s\000o\000u\000r\000c\000e}{section.4.31}% 57
\BOOKMARK [1][-]{section.4.32}{\376\377\000C\000r\000e\000a\000t\000u\000r\000e\000M\000e\000m\000o\000r\000y}{chapter.4}% 58
\BOOKMARK [0][-]{chapter.5}{\376\377\000C\000l\000i\000e\000n\000t}{part.2}% 59
\BOOKMARK [0][-]{chapter.6}{\376\377\000Z\000\341\000v\001\033\000r}{part.2}% 60
\BOOKMARK [1][-]{section.6.1}{\376\377\000K\000l\000i\000e\000n\000t}{chapter.6}% 61
\BOOKMARK [1][-]{section.6.2}{\376\377\000S\000e\000r\000v\000e\000r}{chapter.6}% 62
\BOOKMARK [0][-]{chapter*.22}{\376\377\000P\001\131\000\355\000l\000o\000h\000y}{part.2}% 63
